2015-10-07 18:41:05,583 - INFO - start_logging - ********** property_address RUN START **********
                          CALLING MODULE: V:\workspace\Python3_Homework11\src\test_property_address.py
2015-10-07 18:41:05,824 - INFO - __init__ - Address instantiated
2015-10-07 18:41:05,868 - INFO - __init__ - Address instantiated
2015-10-07 18:41:05,924 - INFO - __init__ - Address instantiated
2015-10-07 18:41:05,925 - INFO - name - OK
2015-10-07 18:41:05,968 - INFO - __init__ - Address instantiated
2015-10-07 18:41:05,975 - INFO - street_address - OK
2015-10-07 18:41:06,020 - ERROR - street_address - CALLER: test_4_street_address - '5115 Ritchie Rd, Bealeton, VA 22712' is an invalid Street Address
2015-10-07 18:41:06,103 - INFO - __init__ - Address instantiated
2015-10-07 18:41:06,109 - INFO - city - OK
2015-10-07 18:41:06,110 - ERROR - city - CALLER: test_5_city - 'Washing_Ton' is an invalid City Name 
2015-10-07 18:41:06,155 - INFO - __init__ - Address instantiated
2015-10-07 18:41:06,160 - INFO - state - OK
2015-10-07 18:41:06,161 - ERROR - state - CALLER: test_6_state - 'Not a state' is an invalid State Code
2015-10-07 18:41:06,162 - ERROR - state - CALLER: test_6_state - 'XY' is an invalid State Code
2015-10-07 18:41:06,224 - INFO - __init__ - Address instantiated
2015-10-07 18:41:06,227 - INFO - zip_code - OK
2015-10-07 18:41:06,228 - ERROR - zip_code - CALLER: test_7_zip_code - '123456' is an invalid ZIP code
2015-10-07 18:41:06,233 - INFO - zip_code - OK
2015-10-07 18:41:06,237 - INFO - zip_code - OK
2015-10-07 18:41:06,238 - INFO - stop_logging - ********** property_address RUN END **********
